
=== Mon Dec 24 21:44:02 2018

Packages were changed.
Update Mode: updateDependencies

The following packages were added:
  com.unity.collab-proxy@1.2.15
The following packages were updated:
  com.unity.ads from version 2.0.8 to 2.3.1
  com.unity.analytics from version 2.0.16 to 3.2.2
  com.unity.package-manager-ui from version 1.9.11 to 2.0.3
  com.unity.textmeshpro from version 1.2.4 to 1.3.0

=== Sun Jan 24 10:13:06 2021

Packages were changed.
Update Mode: resetToDefaultDependencies

The following packages were added:
  com.unity.ide.rider@1.1.4
  com.unity.ide.vscode@1.2.1
  com.unity.modules.androidjni@1.0.0
  com.unity.test-framework@1.1.16
  com.unity.timeline@1.2.16
  com.unity.ugui@1.0.0
The following packages were updated:
  com.unity.collab-proxy from version 1.2.15 to 1.2.16
  com.unity.textmeshpro from version 1.3.0 to 2.1.1
The following packages were removed:
  com.unity.ads@2.3.1
  com.unity.analytics@3.2.2
  com.unity.package-manager-ui@2.0.3
  com.unity.purchasing@2.0.3

=== Sun Jan 24 10:28:08 2021

Packages were changed.
Update Mode: mergeDefaultDependencies

The following packages were added:
  com.unity.2d.sprite@1.0.0
  com.unity.2d.tilemap@1.0.0
  com.unity.ext.nunit@1.0.0
  com.unity.ide.visualstudio@1.0.11
  com.unity.postprocessing@2.3.0

=== Sun Jan 24 15:41:48 2021

Packages were changed.
Update Mode: resetToDefaultDependencies

The following packages were removed:
  com.unity.2d.sprite@1.0.0
  com.unity.2d.tilemap@1.0.0
  com.unity.ext.nunit@1.0.0
  com.unity.ide.visualstudio@1.0.11
  com.unity.postprocessing@2.3.0

=== Sun Jan 24 15:44:48 2021

Packages were changed.
Update Mode: updateDependencies

The following packages were added:
  com.unity.2d.sprite@1.0.0
  com.unity.2d.tilemap@1.0.0
  com.unity.multiplayer-hlapi@1.0.6
  com.unity.xr.legacyinputhelpers@2.1.4
